[03-Oct-2025 20:59:25 PRC] [TOKEN ERROR] 2025-10-03 20:59:25 - 仅支持HTTPS请求
[03-Oct-2025 21:02:10 PRC] [TOKEN ERROR] 2025-10-03 21:02:10 - 参数格式错误：client_id 不符合规范：35e16786e779bff447389572d8c184e6
[03-Oct-2025 21:07:01 PRC] [TOKEN ERROR] 2025-10-03 21:07:01 - 服务端数据更新失败：SQLSTATE[42S22]: Column not found: 1054 Unknown column 'used_at' in 'field list'
[03-Oct-2025 21:12:01 PRC] [TOKEN ERROR] 2025-10-03 21:12:01 - 令牌生成失败：未找到JWT类，请检查依赖安装
[03-Oct-2025 21:18:48 PRC] [WARNING] 2025-10-03 21:18:48 - 使用默认JWT密钥，生产环境请配置SYPHOTOS_JWT_SECRET
[03-Oct-2025 21:18:53 PRC] [WARNING] 2025-10-03 21:18:53 - 使用默认JWT密钥，生产环境请配置SYPHOTOS_JWT_SECRET
[03-Oct-2025 21:21:16 PRC] [WARNING] 2025-10-03 21:21:16 - 使用默认JWT密钥，生产环境请配置SYPHOTOS_JWT_SECRET
[03-Oct-2025 21:23:59 PRC] [WARNING] 2025-10-03 21:23:59 - 使用默认JWT密钥，生产环境请配置SYPHOTOS_JWT_SECRET
[03-Oct-2025 21:26:24 PRC] [WARNING] 2025-10-03 21:26:24 - 使用默认JWT密钥，生产环境请配置SYPHOTOS_JWT_SECRET
[03-Oct-2025 21:28:45 PRC] [WARNING] 2025-10-03 21:28:45 - 使用默认JWT密钥，生产环境请配置SYPHOTOS_JWT_SECRET
[03-Oct-2025 21:31:09 PRC] [WARNING] 2025-10-03 21:31:09 - 使用默认JWT密钥，生产环境请配置SYPHOTOS_JWT_SECRET
[03-Oct-2025 21:32:49 PRC] [WARNING] 2025-10-03 21:32:49 - 使用默认JWT密钥，生产环境请配置SYPHOTOS_JWT_SECRET
[03-Oct-2025 21:35:08 PRC] [WARNING] 2025-10-03 21:35:08 - 使用默认JWT密钥，生产环境请配置SYPHOTOS_JWT_SECRET
[03-Oct-2025 21:37:19 PRC] [WARNING] 2025-10-03 21:37:19 - 使用默认JWT密钥，生产环境请配置SYPHOTOS_JWT_SECRET
[03-Oct-2025 21:39:16 PRC] [WARNING] 2025-10-03 21:39:16 - 使用默认JWT密钥，生产环境请配置SYPHOTOS_JWT_SECRET
[03-Oct-2025 21:39:25 PRC] PHP Fatal error:  Uncaught PDOException: There is no active transaction in /www/wwwroot/www.syphotos.cn/oauth/token.php:191
Stack trace:
#0 /www/wwwroot/www.syphotos.cn/oauth/token.php(191): PDO->rollBack()
#1 {main}
  thrown in /www/wwwroot/www.syphotos.cn/oauth/token.php on line 191
[03-Oct-2025 21:39:31 PRC] [WARNING] 2025-10-03 21:39:31 - 使用默认JWT密钥，生产环境请配置SYPHOTOS_JWT_SECRET
[03-Oct-2025 21:40:58 PRC] [WARNING] 2025-10-03 21:40:58 - 使用默认JWT密钥，生产环境请配置SYPHOTOS_JWT_SECRET
[03-Oct-2025 21:42:02 PRC] [WARNING] 2025-10-03 21:42:02 - 使用默认JWT密钥，生产环境请配置SYPHOTOS_JWT_SECRET
[03-Oct-2025 21:42:43 PRC] [WARNING] 2025-10-03 21:42:43 - 使用默认JWT密钥，生产环境请配置SYPHOTOS_JWT_SECRET
[03-Oct-2025 21:44:34 PRC] [WARNING] 2025-10-03 21:44:34 - 使用默认JWT密钥，生产环境请配置SYPHOTOS_JWT_SECRET
[03-Oct-2025 21:46:50 PRC] [WARNING] 2025-10-03 21:46:50 - 使用默认JWT密钥，生产环境请配置SYPHOTOS_JWT_SECRET
[03-Oct-2025 21:48:08 PRC] [WARNING] 2025-10-03 21:48:08 - 使用默认JWT密钥，生产环境请配置SYPHOTOS_JWT_SECRET
[03-Oct-2025 21:48:26 PRC] [WARNING] 2025-10-03 21:48:26 - 使用默认JWT密钥，生产环境请配置SYPHOTOS_JWT_SECRET
[03-Oct-2025 21:49:18 PRC] [WARNING] 2025-10-03 21:49:18 - 使用默认JWT密钥，生产环境请配置SYPHOTOS_JWT_SECRET
[03-Oct-2025 21:52:14 PRC] [WARNING] 2025-10-03 21:52:14 - 使用默认JWT密钥，生产环境请配置SYPHOTOS_JWT_SECRET
[03-Oct-2025 22:19:21 PRC] [WARNING] 2025-10-03 22:19:21 - 使用默认JWT密钥，生产环境请配置SYPHOTOS_JWT_SECRET
[04-Oct-2025 07:35:27 PRC] [WARNING] 2025-10-04 07:35:27 - 使用默认JWT密钥，生产环境请配置SYPHOTOS_JWT_SECRET
[04-Oct-2025 07:36:39 PRC] [WARNING] 2025-10-04 07:36:39 - 使用默认JWT密钥，生产环境请配置SYPHOTOS_JWT_SECRET
[04-Oct-2025 11:09:39 PRC] [WARNING] 2025-10-04 11:09:39 - 使用默认JWT密钥，生产环境请配置SYPHOTOS_JWT_SECRET
[06-Oct-2025 14:30:01 PRC] [WARNING] 2025-10-06 14:30:01 - 使用默认JWT密钥，生产环境请配置SYPHOTOS_JWT_SECRET
[07-Oct-2025 01:30:07 PRC] [WARNING] 2025-10-07 01:30:07 - 使用默认JWT密钥，生产环境请配置SYPHOTOS_JWT_SECRET
[11-Oct-2025 19:21:49 PRC] [WARNING] 2025-10-11 19:21:49 - 使用默认JWT密钥，生产环境请配置SYPHOTOS_JWT_SECRET
[12-Oct-2025 13:58:05 PRC] [WARNING] 2025-10-12 13:58:05 - 使用默认JWT密钥，生产环境请配置SYPHOTOS_JWT_SECRET
[17-Oct-2025 17:42:15 PRC] [WARNING] 2025-10-17 17:42:15 - 使用默认JWT密钥，生产环境请配置SYPHOTOS_JWT_SECRET
[17-Oct-2025 19:11:15 PRC] [WARNING] 2025-10-17 19:11:15 - 使用默认JWT密钥，生产环境请配置SYPHOTOS_JWT_SECRET
[17-Oct-2025 19:11:17 PRC] [WARNING] 2025-10-17 19:11:17 - 使用默认JWT密钥，生产环境请配置SYPHOTOS_JWT_SECRET
[18-Oct-2025 08:46:20 PRC] [WARNING] 2025-10-18 08:46:20 - 使用默认JWT密钥，生产环境请配置SYPHOTOS_JWT_SECRET
[18-Oct-2025 10:54:26 PRC] [WARNING] 2025-10-18 10:54:26 - 使用默认JWT密钥，生产环境请配置SYPHOTOS_JWT_SECRET
[18-Oct-2025 11:39:00 PRC] [WARNING] 2025-10-18 11:39:00 - 使用默认JWT密钥，生产环境请配置SYPHOTOS_JWT_SECRET
[18-Oct-2025 11:40:49 PRC] [WARNING] 2025-10-18 11:40:49 - 使用默认JWT密钥，生产环境请配置SYPHOTOS_JWT_SECRET
[19-Oct-2025 12:26:57 PRC] [WARNING] 2025-10-19 12:26:57 - 使用默认JWT密钥，生产环境请配置SYPHOTOS_JWT_SECRET
[19-Oct-2025 16:18:10 PRC] [WARNING] 2025-10-19 16:18:10 - 使用默认JWT密钥，生产环境请配置SYPHOTOS_JWT_SECRET
[19-Oct-2025 17:26:01 PRC] [WARNING] 2025-10-19 17:26:01 - 使用默认JWT密钥，生产环境请配置SYPHOTOS_JWT_SECRET
[19-Oct-2025 17:26:26 PRC] [WARNING] 2025-10-19 17:26:26 - 使用默认JWT密钥，生产环境请配置SYPHOTOS_JWT_SECRET
[23-Oct-2025 09:02:36 PRC] [WARNING] 2025-10-23 09:02:36 - 使用默认JWT密钥，生产环境请配置SYPHOTOS_JWT_SECRET
[24-Oct-2025 19:46:56 PRC] [WARNING] 2025-10-24 19:46:56 - 使用默认JWT密钥，生产环境请配置SYPHOTOS_JWT_SECRET
[24-Oct-2025 21:16:53 PRC] [WARNING] 2025-10-24 21:16:53 - 使用默认JWT密钥，生产环境请配置SYPHOTOS_JWT_SECRET
[24-Oct-2025 22:16:33 PRC] [WARNING] 2025-10-24 22:16:33 - 使用默认JWT密钥，生产环境请配置SYPHOTOS_JWT_SECRET
[25-Oct-2025 11:16:36 PRC] [WARNING] 2025-10-25 11:16:36 - 使用默认JWT密钥，生产环境请配置SYPHOTOS_JWT_SECRET
[25-Oct-2025 11:16:39 PRC] [WARNING] 2025-10-25 11:16:39 - 使用默认JWT密钥，生产环境请配置SYPHOTOS_JWT_SECRET
[25-Oct-2025 11:16:40 PRC] [WARNING] 2025-10-25 11:16:40 - 使用默认JWT密钥，生产环境请配置SYPHOTOS_JWT_SECRET
[25-Oct-2025 11:16:41 PRC] [WARNING] 2025-10-25 11:16:41 - 使用默认JWT密钥，生产环境请配置SYPHOTOS_JWT_SECRET
[25-Oct-2025 11:16:42 PRC] [WARNING] 2025-10-25 11:16:42 - 使用默认JWT密钥，生产环境请配置SYPHOTOS_JWT_SECRET
[25-Oct-2025 11:16:43 PRC] [WARNING] 2025-10-25 11:16:43 - 使用默认JWT密钥，生产环境请配置SYPHOTOS_JWT_SECRET
[25-Oct-2025 11:16:44 PRC] [WARNING] 2025-10-25 11:16:44 - 使用默认JWT密钥，生产环境请配置SYPHOTOS_JWT_SECRET
[25-Oct-2025 11:16:45 PRC] [WARNING] 2025-10-25 11:16:45 - 使用默认JWT密钥，生产环境请配置SYPHOTOS_JWT_SECRET
[25-Oct-2025 11:16:45 PRC] [WARNING] 2025-10-25 11:16:45 - 使用默认JWT密钥，生产环境请配置SYPHOTOS_JWT_SECRET
[25-Oct-2025 11:16:46 PRC] [WARNING] 2025-10-25 11:16:46 - 使用默认JWT密钥，生产环境请配置SYPHOTOS_JWT_SECRET
[25-Oct-2025 11:16:47 PRC] [WARNING] 2025-10-25 11:16:47 - 使用默认JWT密钥，生产环境请配置SYPHOTOS_JWT_SECRET
[25-Oct-2025 11:16:47 PRC] [WARNING] 2025-10-25 11:16:47 - 使用默认JWT密钥，生产环境请配置SYPHOTOS_JWT_SECRET
[25-Oct-2025 11:16:48 PRC] [WARNING] 2025-10-25 11:16:48 - 使用默认JWT密钥，生产环境请配置SYPHOTOS_JWT_SECRET
[25-Oct-2025 11:16:48 PRC] [WARNING] 2025-10-25 11:16:48 - 使用默认JWT密钥，生产环境请配置SYPHOTOS_JWT_SECRET
[25-Oct-2025 11:16:49 PRC] [WARNING] 2025-10-25 11:16:49 - 使用默认JWT密钥，生产环境请配置SYPHOTOS_JWT_SECRET
[25-Oct-2025 11:16:49 PRC] [WARNING] 2025-10-25 11:16:49 - 使用默认JWT密钥，生产环境请配置SYPHOTOS_JWT_SECRET
[25-Oct-2025 11:16:50 PRC] [WARNING] 2025-10-25 11:16:50 - 使用默认JWT密钥，生产环境请配置SYPHOTOS_JWT_SECRET
[25-Oct-2025 11:16:50 PRC] [WARNING] 2025-10-25 11:16:50 - 使用默认JWT密钥，生产环境请配置SYPHOTOS_JWT_SECRET
[25-Oct-2025 11:16:50 PRC] [WARNING] 2025-10-25 11:16:50 - 使用默认JWT密钥，生产环境请配置SYPHOTOS_JWT_SECRET
[25-Oct-2025 11:16:51 PRC] [WARNING] 2025-10-25 11:16:51 - 使用默认JWT密钥，生产环境请配置SYPHOTOS_JWT_SECRET
[25-Oct-2025 11:16:51 PRC] [WARNING] 2025-10-25 11:16:51 - 使用默认JWT密钥，生产环境请配置SYPHOTOS_JWT_SECRET
[25-Oct-2025 11:16:52 PRC] [WARNING] 2025-10-25 11:16:52 - 使用默认JWT密钥，生产环境请配置SYPHOTOS_JWT_SECRET
[25-Oct-2025 11:16:52 PRC] [WARNING] 2025-10-25 11:16:52 - 使用默认JWT密钥，生产环境请配置SYPHOTOS_JWT_SECRET
[25-Oct-2025 11:16:53 PRC] [WARNING] 2025-10-25 11:16:53 - 使用默认JWT密钥，生产环境请配置SYPHOTOS_JWT_SECRET
[25-Oct-2025 11:16:53 PRC] [WARNING] 2025-10-25 11:16:53 - 使用默认JWT密钥，生产环境请配置SYPHOTOS_JWT_SECRET
[25-Oct-2025 11:16:54 PRC] [WARNING] 2025-10-25 11:16:54 - 使用默认JWT密钥，生产环境请配置SYPHOTOS_JWT_SECRET
[25-Oct-2025 11:16:54 PRC] [WARNING] 2025-10-25 11:16:54 - 使用默认JWT密钥，生产环境请配置SYPHOTOS_JWT_SECRET
[25-Oct-2025 11:16:55 PRC] [WARNING] 2025-10-25 11:16:55 - 使用默认JWT密钥，生产环境请配置SYPHOTOS_JWT_SECRET
[25-Oct-2025 11:16:55 PRC] [WARNING] 2025-10-25 11:16:55 - 使用默认JWT密钥，生产环境请配置SYPHOTOS_JWT_SECRET
[25-Oct-2025 12:21:00 PRC] [WARNING] 2025-10-25 12:21:00 - 使用默认JWT密钥，生产环境请配置SYPHOTOS_JWT_SECRET
[25-Oct-2025 13:13:40 PRC] [WARNING] 2025-10-25 13:13:40 - 使用默认JWT密钥，生产环境请配置SYPHOTOS_JWT_SECRET
[25-Oct-2025 13:13:42 PRC] [WARNING] 2025-10-25 13:13:42 - 使用默认JWT密钥，生产环境请配置SYPHOTOS_JWT_SECRET
[25-Oct-2025 13:13:44 PRC] [WARNING] 2025-10-25 13:13:44 - 使用默认JWT密钥，生产环境请配置SYPHOTOS_JWT_SECRET
[25-Oct-2025 20:49:15 PRC] [WARNING] 2025-10-25 20:49:15 - 使用默认JWT密钥，生产环境请配置SYPHOTOS_JWT_SECRET
[27-Oct-2025 00:42:34 PRC] [WARNING] 2025-10-27 00:42:34 - 使用默认JWT密钥，生产环境请配置SYPHOTOS_JWT_SECRET
[31-Oct-2025 18:50:38 PRC] [WARNING] 2025-10-31 18:50:38 - 使用默认JWT密钥，生产环境请配置SYPHOTOS_JWT_SECRET
[31-Oct-2025 18:50:40 PRC] [WARNING] 2025-10-31 18:50:40 - 使用默认JWT密钥，生产环境请配置SYPHOTOS_JWT_SECRET
[31-Oct-2025 22:21:53 PRC] [WARNING] 2025-10-31 22:21:53 - 使用默认JWT密钥，生产环境请配置SYPHOTOS_JWT_SECRET
[31-Oct-2025 22:22:01 PRC] [WARNING] 2025-10-31 22:22:01 - 使用默认JWT密钥，生产环境请配置SYPHOTOS_JWT_SECRET
[31-Oct-2025 22:23:06 PRC] [WARNING] 2025-10-31 22:23:06 - 使用默认JWT密钥，生产环境请配置SYPHOTOS_JWT_SECRET
[01-Nov-2025 00:01:36 PRC] [WARNING] 2025-11-01 00:01:36 - 使用默认JWT密钥，生产环境请配置SYPHOTOS_JWT_SECRET
[01-Nov-2025 00:34:30 PRC] [WARNING] 2025-11-01 00:34:30 - 使用默认JWT密钥，生产环境请配置SYPHOTOS_JWT_SECRET
[01-Nov-2025 05:36:54 PRC] [WARNING] 2025-11-01 05:36:54 - 使用默认JWT密钥，生产环境请配置SYPHOTOS_JWT_SECRET
[01-Nov-2025 05:36:56 PRC] [WARNING] 2025-11-01 05:36:56 - 使用默认JWT密钥，生产环境请配置SYPHOTOS_JWT_SECRET
[01-Nov-2025 05:36:57 PRC] [WARNING] 2025-11-01 05:36:57 - 使用默认JWT密钥，生产环境请配置SYPHOTOS_JWT_SECRET
[01-Nov-2025 05:36:58 PRC] [WARNING] 2025-11-01 05:36:58 - 使用默认JWT密钥，生产环境请配置SYPHOTOS_JWT_SECRET
[01-Nov-2025 05:37:00 PRC] [WARNING] 2025-11-01 05:37:00 - 使用默认JWT密钥，生产环境请配置SYPHOTOS_JWT_SECRET
[01-Nov-2025 05:37:01 PRC] [WARNING] 2025-11-01 05:37:01 - 使用默认JWT密钥，生产环境请配置SYPHOTOS_JWT_SECRET
[01-Nov-2025 05:37:01 PRC] [WARNING] 2025-11-01 05:37:01 - 使用默认JWT密钥，生产环境请配置SYPHOTOS_JWT_SECRET
[01-Nov-2025 05:37:02 PRC] [WARNING] 2025-11-01 05:37:02 - 使用默认JWT密钥，生产环境请配置SYPHOTOS_JWT_SECRET
[01-Nov-2025 05:37:03 PRC] [WARNING] 2025-11-01 05:37:03 - 使用默认JWT密钥，生产环境请配置SYPHOTOS_JWT_SECRET
[01-Nov-2025 05:37:04 PRC] [WARNING] 2025-11-01 05:37:04 - 使用默认JWT密钥，生产环境请配置SYPHOTOS_JWT_SECRET
[01-Nov-2025 05:37:04 PRC] [WARNING] 2025-11-01 05:37:04 - 使用默认JWT密钥，生产环境请配置SYPHOTOS_JWT_SECRET
[01-Nov-2025 05:37:05 PRC] [WARNING] 2025-11-01 05:37:05 - 使用默认JWT密钥，生产环境请配置SYPHOTOS_JWT_SECRET
[01-Nov-2025 05:37:05 PRC] [WARNING] 2025-11-01 05:37:05 - 使用默认JWT密钥，生产环境请配置SYPHOTOS_JWT_SECRET
[01-Nov-2025 05:37:06 PRC] [WARNING] 2025-11-01 05:37:06 - 使用默认JWT密钥，生产环境请配置SYPHOTOS_JWT_SECRET
[01-Nov-2025 05:37:06 PRC] [WARNING] 2025-11-01 05:37:06 - 使用默认JWT密钥，生产环境请配置SYPHOTOS_JWT_SECRET
[01-Nov-2025 05:37:07 PRC] [WARNING] 2025-11-01 05:37:07 - 使用默认JWT密钥，生产环境请配置SYPHOTOS_JWT_SECRET
[01-Nov-2025 05:37:07 PRC] [WARNING] 2025-11-01 05:37:07 - 使用默认JWT密钥，生产环境请配置SYPHOTOS_JWT_SECRET
[01-Nov-2025 05:37:08 PRC] [WARNING] 2025-11-01 05:37:08 - 使用默认JWT密钥，生产环境请配置SYPHOTOS_JWT_SECRET
[01-Nov-2025 12:33:03 PRC] [WARNING] 2025-11-01 12:33:03 - 使用默认JWT密钥，生产环境请配置SYPHOTOS_JWT_SECRET
[01-Nov-2025 13:07:06 PRC] [WARNING] 2025-11-01 13:07:06 - 使用默认JWT密钥，生产环境请配置SYPHOTOS_JWT_SECRET
[01-Nov-2025 13:07:10 PRC] [WARNING] 2025-11-01 13:07:10 - 使用默认JWT密钥，生产环境请配置SYPHOTOS_JWT_SECRET
[01-Nov-2025 21:50:33 PRC] [WARNING] 2025-11-01 21:50:33 - 使用默认JWT密钥，生产环境请配置SYPHOTOS_JWT_SECRET
[01-Nov-2025 22:06:10 PRC] [WARNING] 2025-11-01 22:06:10 - 使用默认JWT密钥，生产环境请配置SYPHOTOS_JWT_SECRET
[02-Nov-2025 06:57:52 PRC] [WARNING] 2025-11-02 06:57:52 - 使用默认JWT密钥，生产环境请配置SYPHOTOS_JWT_SECRET
[02-Nov-2025 09:20:16 PRC] [WARNING] 2025-11-02 09:20:16 - 使用默认JWT密钥，生产环境请配置SYPHOTOS_JWT_SECRET
[02-Nov-2025 11:08:48 PRC] [WARNING] 2025-11-02 11:08:48 - 使用默认JWT密钥，生产环境请配置SYPHOTOS_JWT_SECRET
[02-Nov-2025 14:39:11 PRC] [WARNING] 2025-11-02 14:39:11 - 使用默认JWT密钥，生产环境请配置SYPHOTOS_JWT_SECRET
[02-Nov-2025 21:41:59 PRC] [WARNING] 2025-11-02 21:41:59 - 使用默认JWT密钥，生产环境请配置SYPHOTOS_JWT_SECRET
[03-Nov-2025 17:57:19 PRC] [WARNING] 2025-11-03 17:57:19 - 使用默认JWT密钥，生产环境请配置SYPHOTOS_JWT_SECRET
[03-Nov-2025 17:57:21 PRC] [WARNING] 2025-11-03 17:57:21 - 使用默认JWT密钥，生产环境请配置SYPHOTOS_JWT_SECRET
[03-Nov-2025 17:57:23 PRC] [WARNING] 2025-11-03 17:57:23 - 使用默认JWT密钥，生产环境请配置SYPHOTOS_JWT_SECRET
[03-Nov-2025 17:57:25 PRC] [WARNING] 2025-11-03 17:57:25 - 使用默认JWT密钥，生产环境请配置SYPHOTOS_JWT_SECRET
[03-Nov-2025 17:57:26 PRC] [WARNING] 2025-11-03 17:57:26 - 使用默认JWT密钥，生产环境请配置SYPHOTOS_JWT_SECRET
[03-Nov-2025 17:57:27 PRC] [WARNING] 2025-11-03 17:57:27 - 使用默认JWT密钥，生产环境请配置SYPHOTOS_JWT_SECRET
[03-Nov-2025 17:57:27 PRC] [WARNING] 2025-11-03 17:57:27 - 使用默认JWT密钥，生产环境请配置SYPHOTOS_JWT_SECRET
[03-Nov-2025 17:57:28 PRC] [WARNING] 2025-11-03 17:57:28 - 使用默认JWT密钥，生产环境请配置SYPHOTOS_JWT_SECRET
[04-Nov-2025 21:05:15 PRC] [WARNING] 2025-11-04 21:05:15 - 使用默认JWT密钥，生产环境请配置SYPHOTOS_JWT_SECRET
[04-Nov-2025 21:05:18 PRC] [WARNING] 2025-11-04 21:05:18 - 使用默认JWT密钥，生产环境请配置SYPHOTOS_JWT_SECRET
[04-Nov-2025 21:08:56 PRC] [WARNING] 2025-11-04 21:08:56 - 使用默认JWT密钥，生产环境请配置SYPHOTOS_JWT_SECRET
[07-Nov-2025 21:21:48 PRC] [WARNING] 2025-11-07 21:21:48 - 使用默认JWT密钥，生产环境请配置SYPHOTOS_JWT_SECRET
[08-Nov-2025 08:17:45 PRC] [WARNING] 2025-11-08 08:17:45 - 使用默认JWT密钥，生产环境请配置SYPHOTOS_JWT_SECRET
[09-Nov-2025 11:11:03 PRC] [WARNING] 2025-11-09 11:11:03 - 使用默认JWT密钥，生产环境请配置SYPHOTOS_JWT_SECRET
[09-Nov-2025 14:51:08 PRC] [WARNING] 2025-11-09 14:51:08 - 使用默认JWT密钥，生产环境请配置SYPHOTOS_JWT_SECRET
[09-Nov-2025 15:09:24 PRC] [WARNING] 2025-11-09 15:09:24 - 使用默认JWT密钥，生产环境请配置SYPHOTOS_JWT_SECRET
[09-Nov-2025 15:09:25 PRC] [WARNING] 2025-11-09 15:09:25 - 使用默认JWT密钥，生产环境请配置SYPHOTOS_JWT_SECRET
[09-Nov-2025 20:42:16 PRC] [WARNING] 2025-11-09 20:42:16 - 使用默认JWT密钥，生产环境请配置SYPHOTOS_JWT_SECRET
[13-Nov-2025 09:16:18 PRC] [WARNING] 2025-11-13 09:16:18 - 使用默认JWT密钥，生产环境请配置SYPHOTOS_JWT_SECRET
[15-Nov-2025 09:06:50 PRC] [WARNING] 2025-11-15 09:06:50 - 使用默认JWT密钥，生产环境请配置SYPHOTOS_JWT_SECRET
[15-Nov-2025 09:06:52 PRC] [WARNING] 2025-11-15 09:06:52 - 使用默认JWT密钥，生产环境请配置SYPHOTOS_JWT_SECRET
[15-Nov-2025 16:51:25 PRC] [WARNING] 2025-11-15 16:51:25 - 使用默认JWT密钥，生产环境请配置SYPHOTOS_JWT_SECRET
[16-Nov-2025 10:44:12 PRC] [WARNING] 2025-11-16 10:44:12 - 使用默认JWT密钥，生产环境请配置SYPHOTOS_JWT_SECRET
[16-Nov-2025 19:43:55 PRC] [WARNING] 2025-11-16 19:43:55 - 使用默认JWT密钥，生产环境请配置SYPHOTOS_JWT_SECRET
[23-Nov-2025 01:07:36 PRC] [WARNING] 2025-11-23 01:07:36 - 使用默认JWT密钥，生产环境请配置SYPHOTOS_JWT_SECRET
[23-Nov-2025 01:08:38 PRC] [WARNING] 2025-11-23 01:08:38 - 使用默认JWT密钥，生产环境请配置SYPHOTOS_JWT_SECRET
[23-Nov-2025 11:59:00 PRC] [WARNING] 2025-11-23 11:59:00 - 使用默认JWT密钥，生产环境请配置SYPHOTOS_JWT_SECRET
[25-Nov-2025 12:47:43 PRC] [WARNING] 2025-11-25 12:47:43 - 使用默认JWT密钥，生产环境请配置SYPHOTOS_JWT_SECRET
[25-Nov-2025 22:01:50 PRC] [WARNING] 2025-11-25 22:01:50 - 使用默认JWT密钥，生产环境请配置SYPHOTOS_JWT_SECRET
[25-Nov-2025 22:01:52 PRC] [WARNING] 2025-11-25 22:01:52 - 使用默认JWT密钥，生产环境请配置SYPHOTOS_JWT_SECRET
[26-Nov-2025 18:12:50 PRC] [WARNING] 2025-11-26 18:12:50 - 使用默认JWT密钥，生产环境请配置SYPHOTOS_JWT_SECRET
[28-Nov-2025 19:44:11 PRC] [WARNING] 2025-11-28 19:44:11 - 使用默认JWT密钥，生产环境请配置SYPHOTOS_JWT_SECRET
[28-Nov-2025 21:15:25 PRC] [WARNING] 2025-11-28 21:15:25 - 使用默认JWT密钥，生产环境请配置SYPHOTOS_JWT_SECRET
[29-Nov-2025 09:12:46 PRC] [WARNING] 2025-11-29 09:12:46 - 使用默认JWT密钥，生产环境请配置SYPHOTOS_JWT_SECRET
[30-Nov-2025 10:06:53 PRC] [WARNING] 2025-11-30 10:06:53 - 使用默认JWT密钥，生产环境请配置SYPHOTOS_JWT_SECRET
[30-Nov-2025 14:13:31 PRC] [WARNING] 2025-11-30 14:13:31 - 使用默认JWT密钥，生产环境请配置SYPHOTOS_JWT_SECRET
[30-Nov-2025 16:25:43 PRC] [WARNING] 2025-11-30 16:25:43 - 使用默认JWT密钥，生产环境请配置SYPHOTOS_JWT_SECRET
[06-Dec-2025 14:29:05 PRC] [WARNING] 2025-12-06 14:29:05 - 使用默认JWT密钥，生产环境请配置SYPHOTOS_JWT_SECRET
[13-Dec-2025 17:13:49 PRC] [WARNING] 2025-12-13 17:13:49 - 使用默认JWT密钥，生产环境请配置SYPHOTOS_JWT_SECRET
[14-Dec-2025 11:03:22 PRC] [WARNING] 2025-12-14 11:03:22 - 使用默认JWT密钥，生产环境请配置SYPHOTOS_JWT_SECRET
[19-Dec-2025 23:13:41 PRC] [WARNING] 2025-12-19 23:13:41 - 使用默认JWT密钥，生产环境请配置SYPHOTOS_JWT_SECRET
[24-Dec-2025 22:57:38 PRC] [WARNING] 2025-12-24 22:57:38 - 使用默认JWT密钥，生产环境请配置SYPHOTOS_JWT_SECRET
[27-Dec-2025 15:05:41 PRC] [WARNING] 2025-12-27 15:05:41 - 使用默认JWT密钥，生产环境请配置SYPHOTOS_JWT_SECRET
[27-Dec-2025 15:05:42 PRC] [WARNING] 2025-12-27 15:05:42 - 使用默认JWT密钥，生产环境请配置SYPHOTOS_JWT_SECRET
[03-Jan-2026 16:20:49 PRC] [WARNING] 2026-01-03 16:20:49 - 使用默认JWT密钥，生产环境请配置SYPHOTOS_JWT_SECRET
