[03-Oct-2025 21:23:59 PRC] [WARNING] 2025-10-03 21:23:59 - 使用默认JWT密钥，生产环境请配置SYPHOTOS_JWT_SECRET环境变量
[03-Oct-2025 21:23:59 PRC] [USERINFO ERROR] 2025-10-03 21:23:59 - 令牌无效或已过期：令牌缺少必要字段：client_id（当前令牌字段：iss, aud, sub, iat, exp, jti）（令牌：eyJ0eXAiOiJKV1QiLCJhbGciOiJIUzI1NiJ9.eyJpc3MiOiJodHRwczovL3d3dy5zeXBob3Rvcy5jbiIsImF1ZCI6IjM1ZTE2Nzg2ZTc3OWJmZjQ0NzM4OTU3MmQ4YzE4NGU2Iiwic3ViIjoiMTQxIiwiaWF0IjoxNzU5NDk3ODM5LCJleHAiOjE3NTk1MDUwMzksImp0aSI6IjgzNTIwZTkyODIyZTc2N2Q5MjI4ODMzMmY4OTUwM2MwIn0.MCn1CBNp3uvhcreDtKSPGzfyXSEokiZKoq9_e70OfTc）
[03-Oct-2025 21:26:25 PRC] [WARNING] 2025-10-03 21:26:25 - 使用默认JWT密钥，生产环境请配置SYPHOTOS_JWT_SECRET环境变量
[03-Oct-2025 21:26:25 PRC] [USERINFO ERROR] 2025-10-03 21:26:25 - 令牌无效或已过期：客户端已禁用（client_id：35e16786e779bff447389572d8c184e6，当前状态：1）（令牌：eyJ0eXAiOiJKV1QiLCJhbGciOiJIUzI1NiJ9.eyJpc3MiOiJodHRwczovL3d3dy5zeXBob3Rvcy5jbiIsImF1ZCI6IjM1ZTE2Nzg2ZTc3OWJmZjQ0NzM4OTU3MmQ4YzE4NGU2Iiwic3ViIjoiMTQxIiwiaWF0IjoxNzU5NDk3OTg0LCJleHAiOjE3NTk1MDUxODQsImp0aSI6Ijg1ZDQwYmQxYThlYjdmODM1MGU1ODU1MGVlMDRjZTBmIiwiY2xpZW50X2lkIjoiMzVlMTY3ODZlNzc5YmZmNDQ3Mzg5NTcyZDhjMTg0ZTYifQ.rf3GoLb1CpaCpHbYWwtGM3Nb467UWVlMLfs2Y5KpV_I）
[03-Oct-2025 21:28:46 PRC] [WARNING] 2025-10-03 21:28:46 - 使用默认JWT密钥，生产环境需配置SYPHOTOS_JWT_SECRET
[03-Oct-2025 21:28:46 PRC] [USERINFO ERROR] 2025-10-03 21:28:46 - 获取用户信息失败（数据库错误）：SQLSTATE[42S22]: Column not found: 1054 Unknown column 'avatar' in 'field list'（用户ID：141）
[03-Oct-2025 21:31:10 PRC] [USERINFO ERROR] 2025-10-03 21:31:10 - 令牌无效或已过期：客户端已禁用（ID：35e16786e779bff447389572d8c184e6，状态：1）（令牌：eyJ0eXAiOiJKV1QiLCJhbGciOiJIUzI1NiJ9.eyJpc3MiOiJodHRwczovL3d3dy5zeXBob3Rvcy5jbiIsImF1ZCI6IjM1ZTE2Nzg2ZTc3OWJmZjQ0NzM4OTU3MmQ4YzE4NGU2Iiwic3ViIjoiMTQxIiwiaWF0IjoxNzU5NDk4MjY5LCJleHAiOjE3NTk1MDU0NjksImp0aSI6ImE4YjBmNTBhNTgxNzUxMTUzODUyMDYyOTQxMGVhOGY5IiwiY2xpZW50X2lkIjoiMzVlMTY3ODZlNzc5YmZmNDQ3Mzg5NTcyZDhjMTg0ZTYifQ.rYH6iNDdsRQUyhvYgdMW_FFf6AEgV8gA9qKQJB8XGc4）
[03-Oct-2025 21:32:50 PRC] [USERINFO DEBUG] 2025-10-03 21:32:50 - 客户端状态（转换前：1，转换后：1）
[03-Oct-2025 21:32:50 PRC] [USERINFO DB ERROR] 2025-10-03 21:32:50 - SQL错误：SQLSTATE[42S22]: Column not found: 1054 Unknown column 'status' in 'where clause'，SQL语句：SELECT id, username, created_at FROM users WHERE id = :id AND status = 1 LIMIT 1，用户ID：141，SQLSTATE：42S22
[03-Oct-2025 21:35:08 PRC] [USERINFO SQL] 2025-10-03 21:35:08 - 执行SQL：SELECT id, username FROM users WHERE id = :userId LIMIT 1，用户ID：141
[03-Oct-2025 21:37:19 PRC] [USERINFO SQL] 2025-10-03 21:37:19 - 执行SQL：SELECT id, username FROM users WHERE id = :userId LIMIT 1，用户ID：320
[03-Oct-2025 21:39:16 PRC] [USERINFO SQL] 2025-10-03 21:39:16 - 执行SQL：SELECT id, username FROM users WHERE id = :userId LIMIT 1，用户ID：141
[03-Oct-2025 21:39:32 PRC] [USERINFO SQL] 2025-10-03 21:39:32 - 执行SQL：SELECT id, username FROM users WHERE id = :userId LIMIT 1，用户ID：141
[03-Oct-2025 21:40:58 PRC] [USERINFO SQL] 2025-10-03 21:40:58 - 执行SQL：SELECT id, username FROM users WHERE id = :userId LIMIT 1，用户ID：141
[03-Oct-2025 21:42:02 PRC] [USERINFO SQL] 2025-10-03 21:42:02 - 执行SQL：SELECT id, username FROM users WHERE id = :userId LIMIT 1，用户ID：141
[03-Oct-2025 21:42:43 PRC] [USERINFO SQL] 2025-10-03 21:42:43 - 执行SQL：SELECT id, username FROM users WHERE id = :userId LIMIT 1，用户ID：141
[03-Oct-2025 21:44:34 PRC] [USERINFO SQL] 2025-10-03 21:44:34 - 执行SQL：SELECT id, username FROM users WHERE id = :userId LIMIT 1，用户ID：320
[03-Oct-2025 21:46:50 PRC] [USERINFO SQL] 2025-10-03 21:46:50 - 执行SQL：SELECT id, username FROM users WHERE id = :userId LIMIT 1，用户ID：320
[03-Oct-2025 21:48:09 PRC] [USERINFO SQL] 2025-10-03 21:48:09 - 执行SQL：SELECT id, username FROM users WHERE id = :userId LIMIT 1，用户ID：7
[03-Oct-2025 21:48:27 PRC] [USERINFO SQL] 2025-10-03 21:48:27 - 执行SQL：SELECT id, username FROM users WHERE id = :userId LIMIT 1，用户ID：141
[03-Oct-2025 21:49:19 PRC] [USERINFO SQL] 2025-10-03 21:49:19 - 执行SQL：SELECT id, username FROM users WHERE id = :userId LIMIT 1，用户ID：208
[03-Oct-2025 21:52:14 PRC] [USERINFO SQL] 2025-10-03 21:52:14 - 执行SQL：SELECT id, username FROM users WHERE id = :userId LIMIT 1，用户ID：3
[03-Oct-2025 22:19:21 PRC] [USERINFO SQL] 2025-10-03 22:19:21 - 执行SQL：SELECT id, username FROM users WHERE id = :userId LIMIT 1，用户ID：320
[04-Oct-2025 07:35:27 PRC] [USERINFO SQL] 2025-10-04 07:35:27 - 执行SQL：SELECT id, username FROM users WHERE id = :userId LIMIT 1，用户ID：320
[04-Oct-2025 07:36:39 PRC] [USERINFO SQL] 2025-10-04 07:36:39 - 执行SQL：SELECT id, username FROM users WHERE id = :userId LIMIT 1，用户ID：141
[04-Oct-2025 11:09:40 PRC] [USERINFO SQL] 2025-10-04 11:09:40 - 执行SQL：SELECT id, username FROM users WHERE id = :userId LIMIT 1，用户ID：141
[06-Oct-2025 14:30:01 PRC] [USERINFO SQL] 2025-10-06 14:30:01 - 执行SQL：SELECT id, username FROM users WHERE id = :userId LIMIT 1，用户ID：141
[07-Oct-2025 01:30:07 PRC] [USERINFO SQL] 2025-10-07 01:30:07 - 执行SQL：SELECT id, username FROM users WHERE id = :userId LIMIT 1，用户ID：141
[11-Oct-2025 19:21:49 PRC] [USERINFO SQL] 2025-10-11 19:21:49 - 执行SQL：SELECT id, username FROM users WHERE id = :userId LIMIT 1，用户ID：141
[12-Oct-2025 13:58:05 PRC] [USERINFO SQL] 2025-10-12 13:58:05 - 执行SQL：SELECT id, username FROM users WHERE id = :userId LIMIT 1，用户ID：141
[17-Oct-2025 17:42:15 PRC] [USERINFO SQL] 2025-10-17 17:42:15 - 执行SQL：SELECT id, username FROM users WHERE id = :userId LIMIT 1，用户ID：141
[17-Oct-2025 19:11:16 PRC] [USERINFO SQL] 2025-10-17 19:11:16 - 执行SQL：SELECT id, username FROM users WHERE id = :userId LIMIT 1，用户ID：7
[17-Oct-2025 19:11:18 PRC] [USERINFO SQL] 2025-10-17 19:11:18 - 执行SQL：SELECT id, username FROM users WHERE id = :userId LIMIT 1，用户ID：7
[18-Oct-2025 08:46:21 PRC] [USERINFO SQL] 2025-10-18 08:46:21 - 执行SQL：SELECT id, username FROM users WHERE id = :userId LIMIT 1，用户ID：141
[18-Oct-2025 10:54:27 PRC] [USERINFO SQL] 2025-10-18 10:54:27 - 执行SQL：SELECT id, username FROM users WHERE id = :userId LIMIT 1，用户ID：7
[18-Oct-2025 11:39:00 PRC] [USERINFO SQL] 2025-10-18 11:39:00 - 执行SQL：SELECT id, username FROM users WHERE id = :userId LIMIT 1，用户ID：141
[18-Oct-2025 11:40:49 PRC] [USERINFO SQL] 2025-10-18 11:40:49 - 执行SQL：SELECT id, username FROM users WHERE id = :userId LIMIT 1，用户ID：141
[19-Oct-2025 12:26:58 PRC] [USERINFO SQL] 2025-10-19 12:26:58 - 执行SQL：SELECT id, username FROM users WHERE id = :userId LIMIT 1，用户ID：7
[19-Oct-2025 16:18:11 PRC] [USERINFO SQL] 2025-10-19 16:18:11 - 执行SQL：SELECT id, username FROM users WHERE id = :userId LIMIT 1，用户ID：141
[19-Oct-2025 17:26:02 PRC] [USERINFO SQL] 2025-10-19 17:26:02 - 执行SQL：SELECT id, username FROM users WHERE id = :userId LIMIT 1，用户ID：141
[19-Oct-2025 17:26:27 PRC] [USERINFO SQL] 2025-10-19 17:26:27 - 执行SQL：SELECT id, username FROM users WHERE id = :userId LIMIT 1，用户ID：208
[23-Oct-2025 09:02:37 PRC] [USERINFO SQL] 2025-10-23 09:02:37 - 执行SQL：SELECT id, username FROM users WHERE id = :userId LIMIT 1，用户ID：141
[24-Oct-2025 19:46:57 PRC] [USERINFO SQL] 2025-10-24 19:46:57 - 执行SQL：SELECT id, username FROM users WHERE id = :userId LIMIT 1，用户ID：7
[24-Oct-2025 21:16:53 PRC] [USERINFO SQL] 2025-10-24 21:16:53 - 执行SQL：SELECT id, username FROM users WHERE id = :userId LIMIT 1，用户ID：141
[24-Oct-2025 22:16:33 PRC] [USERINFO SQL] 2025-10-24 22:16:33 - 执行SQL：SELECT id, username FROM users WHERE id = :userId LIMIT 1，用户ID：141
[25-Oct-2025 11:16:37 PRC] [USERINFO SQL] 2025-10-25 11:16:37 - 执行SQL：SELECT id, username FROM users WHERE id = :userId LIMIT 1，用户ID：141
[25-Oct-2025 11:16:39 PRC] [USERINFO SQL] 2025-10-25 11:16:39 - 执行SQL：SELECT id, username FROM users WHERE id = :userId LIMIT 1，用户ID：141
[25-Oct-2025 11:16:40 PRC] [USERINFO SQL] 2025-10-25 11:16:40 - 执行SQL：SELECT id, username FROM users WHERE id = :userId LIMIT 1，用户ID：141
[25-Oct-2025 11:16:42 PRC] [USERINFO SQL] 2025-10-25 11:16:42 - 执行SQL：SELECT id, username FROM users WHERE id = :userId LIMIT 1，用户ID：141
[25-Oct-2025 11:16:42 PRC] [USERINFO SQL] 2025-10-25 11:16:42 - 执行SQL：SELECT id, username FROM users WHERE id = :userId LIMIT 1，用户ID：141
[25-Oct-2025 11:16:43 PRC] [USERINFO SQL] 2025-10-25 11:16:43 - 执行SQL：SELECT id, username FROM users WHERE id = :userId LIMIT 1，用户ID：141
[25-Oct-2025 11:16:45 PRC] [USERINFO SQL] 2025-10-25 11:16:45 - 执行SQL：SELECT id, username FROM users WHERE id = :userId LIMIT 1，用户ID：141
[25-Oct-2025 11:16:45 PRC] [USERINFO SQL] 2025-10-25 11:16:45 - 执行SQL：SELECT id, username FROM users WHERE id = :userId LIMIT 1，用户ID：141
[25-Oct-2025 11:16:46 PRC] [USERINFO SQL] 2025-10-25 11:16:46 - 执行SQL：SELECT id, username FROM users WHERE id = :userId LIMIT 1，用户ID：141
[25-Oct-2025 11:16:46 PRC] [USERINFO SQL] 2025-10-25 11:16:46 - 执行SQL：SELECT id, username FROM users WHERE id = :userId LIMIT 1，用户ID：141
[25-Oct-2025 11:16:47 PRC] [USERINFO SQL] 2025-10-25 11:16:47 - 执行SQL：SELECT id, username FROM users WHERE id = :userId LIMIT 1，用户ID：141
[25-Oct-2025 11:16:47 PRC] [USERINFO SQL] 2025-10-25 11:16:47 - 执行SQL：SELECT id, username FROM users WHERE id = :userId LIMIT 1，用户ID：141
[25-Oct-2025 11:16:48 PRC] [USERINFO SQL] 2025-10-25 11:16:48 - 执行SQL：SELECT id, username FROM users WHERE id = :userId LIMIT 1，用户ID：141
[25-Oct-2025 11:16:48 PRC] [USERINFO SQL] 2025-10-25 11:16:48 - 执行SQL：SELECT id, username FROM users WHERE id = :userId LIMIT 1，用户ID：141
[25-Oct-2025 11:16:49 PRC] [USERINFO SQL] 2025-10-25 11:16:49 - 执行SQL：SELECT id, username FROM users WHERE id = :userId LIMIT 1，用户ID：141
[25-Oct-2025 11:16:49 PRC] [USERINFO SQL] 2025-10-25 11:16:49 - 执行SQL：SELECT id, username FROM users WHERE id = :userId LIMIT 1，用户ID：141
[25-Oct-2025 11:16:50 PRC] [USERINFO SQL] 2025-10-25 11:16:50 - 执行SQL：SELECT id, username FROM users WHERE id = :userId LIMIT 1，用户ID：141
[25-Oct-2025 11:16:50 PRC] [USERINFO SQL] 2025-10-25 11:16:50 - 执行SQL：SELECT id, username FROM users WHERE id = :userId LIMIT 1，用户ID：141
[25-Oct-2025 11:16:51 PRC] [USERINFO SQL] 2025-10-25 11:16:51 - 执行SQL：SELECT id, username FROM users WHERE id = :userId LIMIT 1，用户ID：141
[25-Oct-2025 11:16:51 PRC] [USERINFO SQL] 2025-10-25 11:16:51 - 执行SQL：SELECT id, username FROM users WHERE id = :userId LIMIT 1，用户ID：141
[25-Oct-2025 11:16:51 PRC] [USERINFO SQL] 2025-10-25 11:16:51 - 执行SQL：SELECT id, username FROM users WHERE id = :userId LIMIT 1，用户ID：141
[25-Oct-2025 11:16:52 PRC] [USERINFO SQL] 2025-10-25 11:16:52 - 执行SQL：SELECT id, username FROM users WHERE id = :userId LIMIT 1，用户ID：141
[25-Oct-2025 11:16:52 PRC] [USERINFO SQL] 2025-10-25 11:16:52 - 执行SQL：SELECT id, username FROM users WHERE id = :userId LIMIT 1，用户ID：141
[25-Oct-2025 11:16:53 PRC] [USERINFO SQL] 2025-10-25 11:16:53 - 执行SQL：SELECT id, username FROM users WHERE id = :userId LIMIT 1，用户ID：141
[25-Oct-2025 11:16:53 PRC] [USERINFO SQL] 2025-10-25 11:16:53 - 执行SQL：SELECT id, username FROM users WHERE id = :userId LIMIT 1，用户ID：141
[25-Oct-2025 11:16:54 PRC] [USERINFO SQL] 2025-10-25 11:16:54 - 执行SQL：SELECT id, username FROM users WHERE id = :userId LIMIT 1，用户ID：141
[25-Oct-2025 11:16:54 PRC] [USERINFO SQL] 2025-10-25 11:16:54 - 执行SQL：SELECT id, username FROM users WHERE id = :userId LIMIT 1，用户ID：141
[25-Oct-2025 11:16:55 PRC] [USERINFO SQL] 2025-10-25 11:16:55 - 执行SQL：SELECT id, username FROM users WHERE id = :userId LIMIT 1，用户ID：141
[25-Oct-2025 11:16:55 PRC] [USERINFO SQL] 2025-10-25 11:16:55 - 执行SQL：SELECT id, username FROM users WHERE id = :userId LIMIT 1，用户ID：141
[25-Oct-2025 12:21:02 PRC] [USERINFO SQL] 2025-10-25 12:21:02 - 执行SQL：SELECT id, username FROM users WHERE id = :userId LIMIT 1，用户ID：141
[25-Oct-2025 13:13:41 PRC] [USERINFO SQL] 2025-10-25 13:13:41 - 执行SQL：SELECT id, username FROM users WHERE id = :userId LIMIT 1，用户ID：141
[25-Oct-2025 13:13:43 PRC] [USERINFO SQL] 2025-10-25 13:13:43 - 执行SQL：SELECT id, username FROM users WHERE id = :userId LIMIT 1，用户ID：141
[25-Oct-2025 13:13:44 PRC] [USERINFO SQL] 2025-10-25 13:13:44 - 执行SQL：SELECT id, username FROM users WHERE id = :userId LIMIT 1，用户ID：141
[25-Oct-2025 20:49:16 PRC] [USERINFO SQL] 2025-10-25 20:49:16 - 执行SQL：SELECT id, username FROM users WHERE id = :userId LIMIT 1，用户ID：141
[27-Oct-2025 00:42:35 PRC] [USERINFO SQL] 2025-10-27 00:42:35 - 执行SQL：SELECT id, username FROM users WHERE id = :userId LIMIT 1，用户ID：208
[31-Oct-2025 18:50:38 PRC] [USERINFO SQL] 2025-10-31 18:50:38 - 执行SQL：SELECT id, username FROM users WHERE id = :userId LIMIT 1，用户ID：306
[31-Oct-2025 18:50:41 PRC] [USERINFO SQL] 2025-10-31 18:50:41 - 执行SQL：SELECT id, username FROM users WHERE id = :userId LIMIT 1，用户ID：306
[31-Oct-2025 22:21:54 PRC] [USERINFO SQL] 2025-10-31 22:21:54 - 执行SQL：SELECT id, username FROM users WHERE id = :userId LIMIT 1，用户ID：141
[31-Oct-2025 22:22:01 PRC] [USERINFO SQL] 2025-10-31 22:22:01 - 执行SQL：SELECT id, username FROM users WHERE id = :userId LIMIT 1，用户ID：141
[31-Oct-2025 22:23:06 PRC] [USERINFO SQL] 2025-10-31 22:23:06 - 执行SQL：SELECT id, username FROM users WHERE id = :userId LIMIT 1，用户ID：141
[01-Nov-2025 00:01:38 PRC] [USERINFO SQL] 2025-11-01 00:01:38 - 执行SQL：SELECT id, username FROM users WHERE id = :userId LIMIT 1，用户ID：19
[01-Nov-2025 00:34:31 PRC] [USERINFO SQL] 2025-11-01 00:34:31 - 执行SQL：SELECT id, username FROM users WHERE id = :userId LIMIT 1，用户ID：19
[01-Nov-2025 05:36:54 PRC] [USERINFO SQL] 2025-11-01 05:36:54 - 执行SQL：SELECT id, username FROM users WHERE id = :userId LIMIT 1，用户ID：19
[01-Nov-2025 05:36:56 PRC] [USERINFO SQL] 2025-11-01 05:36:56 - 执行SQL：SELECT id, username FROM users WHERE id = :userId LIMIT 1，用户ID：19
[01-Nov-2025 05:36:58 PRC] [USERINFO SQL] 2025-11-01 05:36:58 - 执行SQL：SELECT id, username FROM users WHERE id = :userId LIMIT 1，用户ID：19
[01-Nov-2025 05:36:59 PRC] [USERINFO SQL] 2025-11-01 05:36:59 - 执行SQL：SELECT id, username FROM users WHERE id = :userId LIMIT 1，用户ID：19
[01-Nov-2025 05:37:00 PRC] [USERINFO SQL] 2025-11-01 05:37:00 - 执行SQL：SELECT id, username FROM users WHERE id = :userId LIMIT 1，用户ID：19
[01-Nov-2025 05:37:01 PRC] [USERINFO SQL] 2025-11-01 05:37:01 - 执行SQL：SELECT id, username FROM users WHERE id = :userId LIMIT 1，用户ID：19
[01-Nov-2025 05:37:01 PRC] [USERINFO SQL] 2025-11-01 05:37:01 - 执行SQL：SELECT id, username FROM users WHERE id = :userId LIMIT 1，用户ID：19
[01-Nov-2025 05:37:02 PRC] [USERINFO SQL] 2025-11-01 05:37:02 - 执行SQL：SELECT id, username FROM users WHERE id = :userId LIMIT 1，用户ID：19
[01-Nov-2025 05:37:03 PRC] [USERINFO SQL] 2025-11-01 05:37:03 - 执行SQL：SELECT id, username FROM users WHERE id = :userId LIMIT 1，用户ID：19
[01-Nov-2025 05:37:04 PRC] [USERINFO SQL] 2025-11-01 05:37:04 - 执行SQL：SELECT id, username FROM users WHERE id = :userId LIMIT 1，用户ID：19
[01-Nov-2025 05:37:04 PRC] [USERINFO SQL] 2025-11-01 05:37:04 - 执行SQL：SELECT id, username FROM users WHERE id = :userId LIMIT 1，用户ID：19
[01-Nov-2025 05:37:05 PRC] [USERINFO SQL] 2025-11-01 05:37:05 - 执行SQL：SELECT id, username FROM users WHERE id = :userId LIMIT 1，用户ID：19
[01-Nov-2025 05:37:05 PRC] [USERINFO SQL] 2025-11-01 05:37:05 - 执行SQL：SELECT id, username FROM users WHERE id = :userId LIMIT 1，用户ID：19
[01-Nov-2025 05:37:06 PRC] [USERINFO SQL] 2025-11-01 05:37:06 - 执行SQL：SELECT id, username FROM users WHERE id = :userId LIMIT 1，用户ID：19
[01-Nov-2025 05:37:06 PRC] [USERINFO SQL] 2025-11-01 05:37:06 - 执行SQL：SELECT id, username FROM users WHERE id = :userId LIMIT 1，用户ID：19
[01-Nov-2025 05:37:07 PRC] [USERINFO SQL] 2025-11-01 05:37:07 - 执行SQL：SELECT id, username FROM users WHERE id = :userId LIMIT 1，用户ID：19
[01-Nov-2025 05:37:07 PRC] [USERINFO SQL] 2025-11-01 05:37:07 - 执行SQL：SELECT id, username FROM users WHERE id = :userId LIMIT 1，用户ID：19
[01-Nov-2025 05:37:08 PRC] [USERINFO SQL] 2025-11-01 05:37:08 - 执行SQL：SELECT id, username FROM users WHERE id = :userId LIMIT 1，用户ID：19
[01-Nov-2025 12:33:03 PRC] [USERINFO SQL] 2025-11-01 12:33:03 - 执行SQL：SELECT id, username FROM users WHERE id = :userId LIMIT 1，用户ID：19
[01-Nov-2025 13:07:07 PRC] [USERINFO SQL] 2025-11-01 13:07:07 - 执行SQL：SELECT id, username FROM users WHERE id = :userId LIMIT 1，用户ID：19
[01-Nov-2025 13:07:11 PRC] [USERINFO SQL] 2025-11-01 13:07:11 - 执行SQL：SELECT id, username FROM users WHERE id = :userId LIMIT 1，用户ID：19
[01-Nov-2025 21:50:34 PRC] [USERINFO SQL] 2025-11-01 21:50:34 - 执行SQL：SELECT id, username FROM users WHERE id = :userId LIMIT 1，用户ID：313
[01-Nov-2025 22:06:11 PRC] [USERINFO SQL] 2025-11-01 22:06:11 - 执行SQL：SELECT id, username FROM users WHERE id = :userId LIMIT 1，用户ID：313
[02-Nov-2025 06:57:53 PRC] [USERINFO SQL] 2025-11-02 06:57:53 - 执行SQL：SELECT id, username FROM users WHERE id = :userId LIMIT 1，用户ID：313
[02-Nov-2025 09:20:16 PRC] [USERINFO SQL] 2025-11-02 09:20:16 - 执行SQL：SELECT id, username FROM users WHERE id = :userId LIMIT 1，用户ID：348
[02-Nov-2025 11:08:49 PRC] [USERINFO SQL] 2025-11-02 11:08:49 - 执行SQL：SELECT id, username FROM users WHERE id = :userId LIMIT 1，用户ID：313
[02-Nov-2025 14:39:12 PRC] [USERINFO SQL] 2025-11-02 14:39:12 - 执行SQL：SELECT id, username FROM users WHERE id = :userId LIMIT 1，用户ID：141
[02-Nov-2025 21:42:00 PRC] [USERINFO SQL] 2025-11-02 21:42:00 - 执行SQL：SELECT id, username FROM users WHERE id = :userId LIMIT 1，用户ID：19
[03-Nov-2025 17:57:20 PRC] [USERINFO SQL] 2025-11-03 17:57:20 - 执行SQL：SELECT id, username FROM users WHERE id = :userId LIMIT 1，用户ID：19
[03-Nov-2025 17:57:23 PRC] [USERINFO SQL] 2025-11-03 17:57:23 - 执行SQL：SELECT id, username FROM users WHERE id = :userId LIMIT 1，用户ID：19
[03-Nov-2025 17:57:24 PRC] [USERINFO SQL] 2025-11-03 17:57:24 - 执行SQL：SELECT id, username FROM users WHERE id = :userId LIMIT 1，用户ID：19
[03-Nov-2025 17:57:25 PRC] [USERINFO SQL] 2025-11-03 17:57:25 - 执行SQL：SELECT id, username FROM users WHERE id = :userId LIMIT 1，用户ID：19
[03-Nov-2025 17:57:26 PRC] [USERINFO SQL] 2025-11-03 17:57:26 - 执行SQL：SELECT id, username FROM users WHERE id = :userId LIMIT 1，用户ID：19
[03-Nov-2025 17:57:27 PRC] [USERINFO SQL] 2025-11-03 17:57:27 - 执行SQL：SELECT id, username FROM users WHERE id = :userId LIMIT 1，用户ID：19
[03-Nov-2025 17:57:27 PRC] [USERINFO SQL] 2025-11-03 17:57:27 - 执行SQL：SELECT id, username FROM users WHERE id = :userId LIMIT 1，用户ID：19
[03-Nov-2025 17:57:28 PRC] [USERINFO SQL] 2025-11-03 17:57:28 - 执行SQL：SELECT id, username FROM users WHERE id = :userId LIMIT 1，用户ID：19
[04-Nov-2025 21:05:16 PRC] [USERINFO SQL] 2025-11-04 21:05:16 - 执行SQL：SELECT id, username FROM users WHERE id = :userId LIMIT 1，用户ID：349
[04-Nov-2025 21:05:18 PRC] [USERINFO SQL] 2025-11-04 21:05:18 - 执行SQL：SELECT id, username FROM users WHERE id = :userId LIMIT 1，用户ID：349
[04-Nov-2025 21:08:57 PRC] [USERINFO SQL] 2025-11-04 21:08:57 - 执行SQL：SELECT id, username FROM users WHERE id = :userId LIMIT 1，用户ID：349
[07-Nov-2025 21:21:49 PRC] [USERINFO SQL] 2025-11-07 21:21:49 - 执行SQL：SELECT id, username FROM users WHERE id = :userId LIMIT 1，用户ID：141
[08-Nov-2025 08:17:46 PRC] [USERINFO SQL] 2025-11-08 08:17:46 - 执行SQL：SELECT id, username FROM users WHERE id = :userId LIMIT 1，用户ID：313
[09-Nov-2025 11:11:03 PRC] [USERINFO SQL] 2025-11-09 11:11:03 - 执行SQL：SELECT id, username FROM users WHERE id = :userId LIMIT 1，用户ID：141
[09-Nov-2025 14:51:09 PRC] [USERINFO SQL] 2025-11-09 14:51:09 - 执行SQL：SELECT id, username FROM users WHERE id = :userId LIMIT 1，用户ID：141
[09-Nov-2025 15:09:25 PRC] [USERINFO SQL] 2025-11-09 15:09:25 - 执行SQL：SELECT id, username FROM users WHERE id = :userId LIMIT 1，用户ID：141
[09-Nov-2025 15:09:25 PRC] [USERINFO SQL] 2025-11-09 15:09:25 - 执行SQL：SELECT id, username FROM users WHERE id = :userId LIMIT 1，用户ID：141
[09-Nov-2025 20:42:17 PRC] [USERINFO SQL] 2025-11-09 20:42:17 - 执行SQL：SELECT id, username FROM users WHERE id = :userId LIMIT 1，用户ID：356
[13-Nov-2025 09:16:19 PRC] [USERINFO SQL] 2025-11-13 09:16:19 - 执行SQL：SELECT id, username FROM users WHERE id = :userId LIMIT 1，用户ID：141
[15-Nov-2025 09:06:51 PRC] [USERINFO SQL] 2025-11-15 09:06:51 - 执行SQL：SELECT id, username FROM users WHERE id = :userId LIMIT 1，用户ID：141
[15-Nov-2025 09:06:56 PRC] [USERINFO SQL] 2025-11-15 09:06:56 - 执行SQL：SELECT id, username FROM users WHERE id = :userId LIMIT 1，用户ID：141
[15-Nov-2025 16:51:26 PRC] [USERINFO SQL] 2025-11-15 16:51:26 - 执行SQL：SELECT id, username FROM users WHERE id = :userId LIMIT 1，用户ID：141
[16-Nov-2025 10:44:15 PRC] [USERINFO SQL] 2025-11-16 10:44:15 - 执行SQL：SELECT id, username FROM users WHERE id = :userId LIMIT 1，用户ID：141
[16-Nov-2025 19:43:55 PRC] [USERINFO SQL] 2025-11-16 19:43:55 - 执行SQL：SELECT id, username FROM users WHERE id = :userId LIMIT 1，用户ID：141
[23-Nov-2025 01:07:37 PRC] [USERINFO SQL] 2025-11-23 01:07:37 - 执行SQL：SELECT id, username FROM users WHERE id = :userId LIMIT 1，用户ID：141
[23-Nov-2025 01:08:38 PRC] [USERINFO SQL] 2025-11-23 01:08:38 - 执行SQL：SELECT id, username FROM users WHERE id = :userId LIMIT 1，用户ID：141
[23-Nov-2025 11:59:01 PRC] [USERINFO SQL] 2025-11-23 11:59:01 - 执行SQL：SELECT id, username FROM users WHERE id = :userId LIMIT 1，用户ID：313
[25-Nov-2025 12:47:44 PRC] [USERINFO SQL] 2025-11-25 12:47:44 - 执行SQL：SELECT id, username FROM users WHERE id = :userId LIMIT 1，用户ID：19
[25-Nov-2025 22:01:51 PRC] [USERINFO SQL] 2025-11-25 22:01:51 - 执行SQL：SELECT id, username FROM users WHERE id = :userId LIMIT 1，用户ID：19
[25-Nov-2025 22:01:53 PRC] [USERINFO SQL] 2025-11-25 22:01:53 - 执行SQL：SELECT id, username FROM users WHERE id = :userId LIMIT 1，用户ID：19
[26-Nov-2025 18:12:51 PRC] [USERINFO SQL] 2025-11-26 18:12:51 - 执行SQL：SELECT id, username FROM users WHERE id = :userId LIMIT 1，用户ID：19
[28-Nov-2025 19:44:12 PRC] [USERINFO SQL] 2025-11-28 19:44:12 - 执行SQL：SELECT id, username FROM users WHERE id = :userId LIMIT 1，用户ID：141
[28-Nov-2025 21:15:26 PRC] [USERINFO SQL] 2025-11-28 21:15:26 - 执行SQL：SELECT id, username FROM users WHERE id = :userId LIMIT 1，用户ID：141
[29-Nov-2025 09:12:47 PRC] [USERINFO SQL] 2025-11-29 09:12:47 - 执行SQL：SELECT id, username FROM users WHERE id = :userId LIMIT 1，用户ID：141
[30-Nov-2025 10:06:53 PRC] [USERINFO SQL] 2025-11-30 10:06:53 - 执行SQL：SELECT id, username FROM users WHERE id = :userId LIMIT 1，用户ID：141
[30-Nov-2025 14:13:32 PRC] [USERINFO SQL] 2025-11-30 14:13:32 - 执行SQL：SELECT id, username FROM users WHERE id = :userId LIMIT 1，用户ID：141
[30-Nov-2025 16:25:44 PRC] [USERINFO SQL] 2025-11-30 16:25:44 - 执行SQL：SELECT id, username FROM users WHERE id = :userId LIMIT 1，用户ID：141
[06-Dec-2025 14:29:06 PRC] [USERINFO SQL] 2025-12-06 14:29:06 - 执行SQL：SELECT id, username FROM users WHERE id = :userId LIMIT 1，用户ID：141
[13-Dec-2025 17:13:50 PRC] [USERINFO SQL] 2025-12-13 17:13:50 - 执行SQL：SELECT id, username FROM users WHERE id = :userId LIMIT 1，用户ID：141
[14-Dec-2025 11:03:23 PRC] [USERINFO SQL] 2025-12-14 11:03:23 - 执行SQL：SELECT id, username FROM users WHERE id = :userId LIMIT 1，用户ID：141
[19-Dec-2025 23:13:42 PRC] [USERINFO SQL] 2025-12-19 23:13:42 - 执行SQL：SELECT id, username FROM users WHERE id = :userId LIMIT 1，用户ID：141
[24-Dec-2025 22:57:38 PRC] [USERINFO SQL] 2025-12-24 22:57:38 - 执行SQL：SELECT id, username FROM users WHERE id = :userId LIMIT 1，用户ID：141
[27-Dec-2025 15:05:41 PRC] [USERINFO SQL] 2025-12-27 15:05:41 - 执行SQL：SELECT id, username FROM users WHERE id = :userId LIMIT 1，用户ID：141
[27-Dec-2025 15:05:43 PRC] [USERINFO SQL] 2025-12-27 15:05:43 - 执行SQL：SELECT id, username FROM users WHERE id = :userId LIMIT 1，用户ID：141
[03-Jan-2026 16:20:49 PRC] [USERINFO SQL] 2026-01-03 16:20:49 - 执行SQL：SELECT id, username FROM users WHERE id = :userId LIMIT 1，用户ID：141
